# JRE version: OpenJDK Runtime Environment (7.0_65-b32) (build 1.7.0_65-b32)
# Java VM: OpenJDK 64-Bit Server VM (24.65-b04 mixed mode linux-amd64 compressed oops)
Heap
 PSYoungGen      total 23040K, used 22775K [0x00000000f8000000, 0x00000000f9800000, 0x0000000100000000)
  eden space 21504K, 98% used [0x00000000f8000000,0x00000000f94c1cf8,0x00000000f9500000)
  from space 1536K, 98% used [0x00000000f9680000,0x00000000f97fc010,0x00000000f9800000)
  to   space 1536K, 0% used [0x00000000f9500000,0x00000000f9500000,0x00000000f9680000)
 ParOldGen       total 27648K, used 2337K [0x00000000e8000000, 0x00000000e9b00000, 0x00000000f8000000)
  object space 27648K, 8% used [0x00000000e8000000,0x00000000e8248568,0x00000000e9b00000)
 PSPermGen       total 21504K, used 15442K [0x00000000d8000000, 0x00000000d9500000, 0x00000000e8000000)
  object space 21504K, 71% used [0x00000000d8000000,0x00000000d8f14b68,0x00000000d9500000)
GC Heap History (4 events):
Event: 0.416 GC heap before
{Heap before GC invocations=1 (full 0):
 PSYoungGen      total 12288K, used 10752K [0x00000000f8000000, 0x00000000f8d80000, 0x0000000100000000)
  eden space 10752K, 100% used [0x00000000f8000000,0x00000000f8a80000,0x00000000f8a80000)
  from space 1536K, 0% used [0x00000000f8c00000,0x00000000f8c00000,0x00000000f8d80000)
  to   space 1536K, 0% used [0x00000000f8a80000,0x00000000f8a80000,0x00000000f8c00000)
 ParOldGen       total 27648K, used 0K [0x00000000e8000000, 0x00000000e9b00000, 0x00000000f8000000)
  object space 27648K, 0% used [0x00000000e8000000,0x00000000e8000000,0x00000000e9b00000)
 PSPermGen       total 21504K, used 6969K [0x00000000d8000000, 0x00000000d9500000, 0x00000000e8000000)
  object space 21504K, 32% used [0x00000000d8000000,0x00000000d86ce720,0x00000000d9500000)
Event: 0.422 GC heap after
Heap after GC invocations=1 (full 0):
 PSYoungGen      total 12288K, used 1513K [0x00000000f8000000, 0x00000000f9800000, 0x0000000100000000)
  eden space 10752K, 0% used [0x00000000f8000000,0x00000000f8000000,0x00000000f8a80000)
  from space 1536K, 98% used [0x00000000f8a80000,0x00000000f8bfa7b0,0x00000000f8c00000)
  to   space 1536K, 0% used [0x00000000f9680000,0x00000000f9680000,0x00000000f9800000)
 ParOldGen       total 27648K, used 1739K [0x00000000e8000000, 0x00000000e9b00000, 0x00000000f8000000)
  object space 27648K, 6% used [0x00000000e8000000,0x00000000e81b2d88,0x00000000e9b00000)
 PSPermGen       total 21504K, used 6969K [0x00000000d8000000, 0x00000000d9500000, 0x00000000e8000000)
  object space 21504K, 32% used [0x00000000d8000000,0x00000000d86ce720,0x00000000d9500000)
}
Event: 0.581 GC heap before
{Heap before GC invocations=2 (full 0):
 PSYoungGen      total 12288K, used 12265K [0x00000000f8000000, 0x00000000f9800000, 0x0000000100000000)
  eden space 10752K, 100% used [0x00000000f8000000,0x00000000f8a80000,0x00000000f8a80000)
  from space 1536K, 98% used [0x00000000f8a80000,0x00000000f8bfa7b0,0x00000000f8c00000)
  to   space 1536K, 0% used [0x00000000f9680000,0x00000000f9680000,0x00000000f9800000)
 ParOldGen       total 27648K, used 1739K [0x00000000e8000000, 0x00000000e9b00000, 0x00000000f8000000)
  object space 27648K, 6% used [0x00000000e8000000,0x00000000e81b2d88,0x00000000e9b00000)
 PSPermGen       total 21504K, used 7258K [0x00000000d8000000, 0x00000000d9500000, 0x00000000e8000000)
  object space 21504K, 33% used [0x00000000d8000000,0x00000000d8716b78,0x00000000d9500000)
Event: 0.586 GC heap after
Heap after GC invocations=2 (full 0):
 PSYoungGen      total 23040K, used 1520K [0x00000000f8000000, 0x00000000f9800000, 0x0000000100000000)
  eden space 21504K, 0% used [0x00000000f8000000,0x00000000f8000000,0x00000000f9500000)
  from space 1536K, 98% used [0x00000000f9680000,0x00000000f97fc010,0x00000000f9800000)
  to   space 1536K, 0% used [0x00000000f9500000,0x00000000f9500000,0x00000000f9680000)
 ParOldGen       total 27648K, used 2337K [0x00000000e8000000, 0x00000000e9b00000, 0x00000000f8000000)
  object space 27648K, 8% used [0x00000000e8000000,0x00000000e8248568,0x00000000e9b00000)
 PSPermGen       total 21504K, used 7258K [0x00000000d8000000, 0x00000000d9500000, 0x00000000e8000000)
  object space 21504K, 33% used [0x00000000d8000000,0x00000000d8716b78,0x00000000d9500000)
}

